<?xml version="1.0" encoding="UTF-8"?>
<testng-results skipped="0" failed="0" total="1" passed="1">
  <reporter-output>
  </reporter-output>
  <suite name="Suite" duration-ms="1659" started-at="2020-01-08T19:16:02Z" finished-at="2020-01-08T19:16:04Z">
    <groups>
      <group name="cucumber">
        <method signature="AbstractTestNGCucumberTests.feature(cucumber.api.testng.CucumberFeatureWrapper)[pri:0, instance:myntra.Runner.RunnerClass@691a7f8f]" name="feature" class="cucumber.api.testng.AbstractTestNGCucumberTests"/>
      </group> <!-- cucumber -->
    </groups>
    <test name="Test" duration-ms="1659" started-at="2020-01-08T19:16:02Z" finished-at="2020-01-08T19:16:04Z">
      <class name="myntra.Runner.RunnerClass">
        <test-method status="PASS" signature="setUpClass()[pri:0, instance:myntra.Runner.RunnerClass@691a7f8f]" name="setUpClass" is-config="true" duration-ms="364" started-at="2020-01-08T14:16:02Z" finished-at="2020-01-08T14:16:02Z">
          <reporter-output>
          </reporter-output>
        </test-method> <!-- setUpClass -->
        <test-method status="PASS" signature="feature(cucumber.api.testng.CucumberFeatureWrapper)[pri:0, instance:myntra.Runner.RunnerClass@691a7f8f]" name="feature" duration-ms="524" started-at="2020-01-08T14:16:03Z" description="Runs Cucumber Feature" data-provider="features" finished-at="2020-01-08T14:16:03Z">
          <params>
            <param index="0">
              <value>
                <![CDATA[myntra Login Feature]]>
              </value>
            </param>
          </params>
          <reporter-output>
          </reporter-output>
        </test-method> <!-- feature -->
        <test-method status="PASS" signature="writeExtentReport()[pri:0, instance:myntra.Runner.RunnerClass@691a7f8f]" name="writeExtentReport" is-config="true" duration-ms="30" started-at="2020-01-08T14:16:03Z" finished-at="2020-01-08T14:16:03Z">
          <reporter-output>
          </reporter-output>
        </test-method> <!-- writeExtentReport -->
        <test-method status="PASS" signature="tearDownClass()[pri:0, instance:myntra.Runner.RunnerClass@691a7f8f]" name="tearDownClass" is-config="true" duration-ms="611" started-at="2020-01-08T14:16:03Z" finished-at="2020-01-08T14:16:04Z">
          <reporter-output>
          </reporter-output>
        </test-method> <!-- tearDownClass -->
      </class> <!-- myntra.Runner.RunnerClass -->
    </test> <!-- Test -->
  </suite> <!-- Suite -->
</testng-results>
